<?xml version="1.0" encoding="UTF-8"?>
<!-- Generated by org.testng.reporters.JUnitReportReporter -->
<testsuite hostname="DESKTOP-9KN4LS1" failures="0" tests="1" name="com.medipro.assgn.assgn.NewTest" time="18.835" errors="0" timestamp="2022-03-14T19:08:48 IST" skipped="0">
  <testcase classname="com.medipro.assgn.assgn.NewTest" name="test" time="18.835"/>
  <system-out/>
</testsuite> <!-- com.medipro.assgn.assgn.NewTest -->
