<?xml version="1.0" encoding="UTF-8"?>
<!-- Generated by org.testng.reporters.JUnitReportReporter -->
<testsuite hostname="DESKTOP-9KN4LS1" failures="0" tests="2" name="Test.TestMedi.NewTest" time="57.121" errors="0" timestamp="2022-03-15T13:35:41 IST" skipped="0">
  <testcase classname="Test.TestMedi.NewTest" name="TestUser" time="32.008"/>
  <system-out/>
  <testcase classname="Test.TestMedi.NewTest" name="TestAdmin" time="25.113"/>
  <system-out/>
</testsuite> <!-- Test.TestMedi.NewTest -->
